<?xml version="1.0" encoding="UTF-8"?>
<beans xmlns="http://www.springframework.org/schema/beans"
			 xmlns:xsi="http://www.w3.org/2001/XMLSchema-instance"
			 xmlns:context="http://www.springframework.org/schema/context"
			 xmlns:tx="http://www.springframework.org/schema/tx"
			 xsi:schemaLocation="http://www.springframework.org/schema/beans
						http://www.springframework.org/schema/beans/spring-beans-4.2.xsd
						http://www.springframework.org/schema/context
						http://www.springframework.org/schema/context/spring-context-4.2.xsd
						http://www.springframework.org/schema/tx
						http://www.springframework.org/schema/tx/spring-tx-4.2.xsd">

	<import resource="classpath:test-hibernateContext.xml" />
	<bean id="mailSender" class="org.springframework.mail.javamail.JavaMailSenderImpl">
		<property name="host" value="smtp.gmail.com" />
		<property name="port" value="587" />
		<property name="username" value="twtesttest5@gmail.com" />
		<property name="password" value="gmxiqbibvamibalz" />
		<property name="javaMailProperties">
			<props>
				<prop key="mail.transport.protocol">smtp</prop>
				<prop key="mail.smtp.auth">true</prop>
				<prop key="mail.smtp.starttls.enable">true</prop>
			</props>
		</property>
	</bean>
	<tx:annotation-driven transaction-manager="transactionManager" />
	<context:component-scan base-package="ar.edu.unlam.tallerweb1.controladores" />
	<context:component-scan base-package="ar.edu.unlam.tallerweb1.dao" />
	<context:component-scan base-package="ar.edu.unlam.tallerweb1.servicios" />
</beans>
